This file contains any messages produced by compilers while
running configure, to aid debugging if configure makes a mistake.

configure:556: checking for a BSD compatible install
configure:609: checking whether build environment is sane
configure:666: checking whether make sets ${MAKE}
configure:713: checking for working aclocal
configure:726: checking for working autoconf
configure:739: checking for working automake
configure:752: checking for working autoheader
configure:765: checking for working makeinfo
configure:785: checking for gcc
configure:898: checking whether the C compiler (gcc  ) works
configure:914: gcc -o conftest    conftest.c  1>&5
configure:940: checking whether the C compiler (gcc  ) is a cross-compiler
configure:945: checking whether we are using GNU C
configure:973: checking whether gcc accepts -g
configure:1016: checking for a BSD compatible install
configure:1071: checking for rm
configure:1107: checking for cp
configure:1143: checking for strip
configure:1179: checking for chmod
configure:1214: checking for deflate in -lz
configure:1272: checking for dirent.h that defines DIR
configure:1310: checking for opendir in -ldir
configure:1393: checking how to run the C preprocessor
configure:1473: checking for ANSI C header files
configure:1577: checking whether struct tm is in sys/time.h or time.h
configure:1614: checking for fcntl.h
configure:1614: checking for unistd.h
configure:1614: checking for sys/param.h
configure:1652: checking for off_t
configure:1685: checking whether struct tm is in sys/time.h or time.h
configure:1720: checking for deflate
configure:1769: checking for crc32
configure:1818: checking for deflateInit2_
configure:1867: checking for deflateReset
configure:1916: checking for deflateEnd
configure:1966: checking size of char
configure:2005: checking size of short
configure:2044: checking size of int
configure:2083: checking size of long
configure:2122: checking size of long long
configure:2162: checking whether byte ordering is bigendian
